
  ___  ____  ____  ____  ____ (R)
 /__    /   ____/   /   ____/
___/   /   /___/   /   /___/   15.1   Copyright 1985-2017 StataCorp LLC
  Statistics/Data Analysis            StataCorp
                                      4905 Lakeway Drive
                                      College Station, Texas 77845 USA
                                      800-STATA-PC        http://www.stata.com
                                      979-696-4600        stata@stata.com
                                      979-696-4601 (fax)

Single-user Stata license expires 19 Mar 2019:
       Serial number:  301509290780
         Licensed to:  Travis Williams
                       University of Colorado Boulder

Notes:
      1.  Stata is running in batch mode.
      2.  Unicode is supported; see help unicode_advice.

. do STATA/models/py_template_win.do "logweight winter1 spring1 summer1 fall1 w
> inter2 spring2 summer2 fall2 i.time" data/tables/rmw/py_temp.csv logweight 

. //clear everything out
. clear all

. 
. //Set variables from subroutine calls
. local formula `1'

. //Includes function, up to comma
. 
. local which `2'

. // Two files, one temp for aggregatation & one to stay the same
. 
. //Increase matrix size
. set matsize 600

. 
. // import data
. import delimited `which'
(79 vars, 1,627 obs)

. //import delimited "data/tables/rmw/noaa_500_standardized_central_all.csv"
. local y `3'

. display y
103340.52

. 
. 
. 
. // Set date and time 
. egen id = group(polyid)

. g time = ym(year,month)

. xtset id time
       panel variable:  id (unbalanced)
        time variable:  time, 513 to 693, but with gaps
                delta:  1 unit

. 
. /////////////////////////////////////////////////////////////////////////////
> ///
> //////////////////////////////// Model #1 ///////////////////////////////////
> ///        
> /////////////////////////////////////////////////////////////////////////////
> ///
> eststo: xtreg `formula', fe vce(robust) 

Fixed-effects (within) regression               Number of obs     =      1,627
Group variable: id                              Number of groups  =        138

R-sq:                                           Obs per group:
     within  = 0.1407                                         min =          2
     between = 0.0053                                         avg =       11.8
     overall = 0.0308                                         max =         16

                                                F(23,137)         =      10.92
corr(u_i, Xb)  = -0.0028                        Prob > F          =     0.0000

                                   (Std. Err. adjusted for 138 clusters in id)
------------------------------------------------------------------------------
             |               Robust
   logweight |      Coef.   Std. Err.      t    P>|t|     [95% Conf. Interval]
-------------+----------------------------------------------------------------
     winter1 |  -.0156246   .0191054    -0.82   0.415    -.0534043    .0221551
     spring1 |  -.0118021   .0180351    -0.65   0.514    -.0474652     .023861
     summer1 |   .0114766    .020699     0.55   0.580    -.0294543    .0524074
       fall1 |  -.0109594   .0183399    -0.60   0.551    -.0472254    .0253066
     winter2 |   .0061808   .0167179     0.37   0.712    -.0268778    .0392394
     spring2 |  -.0104373   .0174636    -0.60   0.551    -.0449704    .0240958
     summer2 |   .0056446   .0318501     0.18   0.860    -.0573368    .0686261
       fall2 |   -.002288   .0205562    -0.11   0.912    -.0429365    .0383606
             |
        time |
        525  |  -.0263663   .0091526    -2.88   0.005     -.044465   -.0082677
        537  |   .0084449   .0102363     0.82   0.411    -.0117968    .0286865
        549  |   .0076701   .0101451     0.76   0.451    -.0123912    .0277314
        561  |  -.0044602   .0089858    -0.50   0.620    -.0222291    .0133086
        573  |   .0171552   .0106828     1.61   0.111    -.0039693    .0382797
        585  |   .0435463   .0114637     3.80   0.000     .0208777    .0662149
        597  |   .0452616   .0114247     3.96   0.000     .0226702    .0678531
        609  |   .0294644   .0099602     2.96   0.004     .0097688    .0491599
        621  |   .0108591   .0115062     0.94   0.347    -.0118936    .0336117
        633  |   .0098727   .0106632     0.93   0.356    -.0112129    .0309584
        645  |   .0406122    .011207     3.62   0.000     .0184511    .0627732
        657  |   .0433785   .0094542     4.59   0.000     .0246835    .0620736
        669  |   .0476498   .0107047     4.45   0.000      .026482    .0688177
        681  |   .0500757   .0111048     4.51   0.000     .0281166    .0720347
        693  |   .0093072   .0110806     0.84   0.402     -.012604    .0312183
             |
       _cons |   6.335502   .0235588   268.92   0.000     6.288916    6.382088
-------------+----------------------------------------------------------------
     sigma_u |  .10644215
     sigma_e |  .05277258
         rho |  .80269433   (fraction of variance due to u_i)
------------------------------------------------------------------------------
(est1 stored)

. 
. esttab using "STATA/results/py_temp/py_result.csv", cells("b(fmt(4)) se(fmt(4
> )) p(fmt(4)star)") replace r2 plain
file STATA/results/py_temp/py_result.csv is read-only; cannot be modified or
    erased
r(608);

end of do-file
r(608);
